This is pdfTeX, Version 3.14159265-2.6-1.40.16 (TeX Live 2015/Debian) (preloaded format=pdflatex 2017.7.11)  14 NOV 2017 13:11
entering extended mode
 restricted \write18 enabled.
 %&-line parsing enabled.
**Petscs_Install_petsc_3_5_4_and_petsc_3_7_3_PC_and_Stampede.tex
(./Petscs_Install_petsc_3_5_4_and_petsc_3_7_3_PC_and_Stampede.tex
LaTeX2e <2016/02/01>
Babel <3.9q> and hyphenation patterns for 3 language(s) loaded.
(/usr/share/texlive/texmf-dist/tex/latex/base/article.cls
Document Class: article 2014/09/29 v1.4h Standard LaTeX document class
(/usr/share/texlive/texmf-dist/tex/latex/base/size10.clo
File: size10.clo 2014/09/29 v1.4h Standard LaTeX file (size option)
)
\c@part=\count79
\c@section=\count80
\c@subsection=\count81
\c@subsubsection=\count82
\c@paragraph=\count83
\c@subparagraph=\count84
\c@figure=\count85
\c@table=\count86
\abovecaptionskip=\skip41
\belowcaptionskip=\skip42
\bibindent=\dimen102
)
(/usr/share/texlive/texmf-dist/tex/latex/amsmath/amsmath.sty
Package: amsmath 2016/03/03 v2.15a AMS math features
\@mathmargin=\skip43

For additional information on amsmath, use the `?' option.
(/usr/share/texlive/texmf-dist/tex/latex/amsmath/amstext.sty
Package: amstext 2000/06/29 v2.01 AMS text

(/usr/share/texlive/texmf-dist/tex/latex/amsmath/amsgen.sty
File: amsgen.sty 1999/11/30 v2.0 generic functions
\@emptytoks=\toks14
\ex@=\dimen103
))
(/usr/share/texlive/texmf-dist/tex/latex/amsmath/amsbsy.sty
Package: amsbsy 1999/11/29 v1.2d Bold Symbols
\pmbraise@=\dimen104
)
(/usr/share/texlive/texmf-dist/tex/latex/amsmath/amsopn.sty
Package: amsopn 1999/12/14 v2.01 operator names
)
\inf@bad=\count87
LaTeX Info: Redefining \frac on input line 199.
\uproot@=\count88
\leftroot@=\count89
LaTeX Info: Redefining \overline on input line 297.
\classnum@=\count90
\DOTSCASE@=\count91
LaTeX Info: Redefining \ldots on input line 394.
LaTeX Info: Redefining \dots on input line 397.
LaTeX Info: Redefining \cdots on input line 518.
\Mathstrutbox@=\box26
\strutbox@=\box27
\big@size=\dimen105
LaTeX Font Info:    Redeclaring font encoding OML on input line 630.
LaTeX Font Info:    Redeclaring font encoding OMS on input line 631.
\macc@depth=\count92
\c@MaxMatrixCols=\count93
\dotsspace@=\muskip10
\c@parentequation=\count94
\dspbrk@lvl=\count95
\tag@help=\toks15
\row@=\count96
\column@=\count97
\maxfields@=\count98
\andhelp@=\toks16
\eqnshift@=\dimen106
\alignsep@=\dimen107
\tagshift@=\dimen108
\tagwidth@=\dimen109
\totwidth@=\dimen110
\lineht@=\dimen111
\@envbody=\toks17
\multlinegap=\skip44
\multlinetaggap=\skip45
\mathdisplay@stack=\toks18
LaTeX Info: Redefining \[ on input line 2735.
LaTeX Info: Redefining \] on input line 2736.
)
(/usr/share/texlive/texmf-dist/tex/latex/amsfonts/amssymb.sty
Package: amssymb 2013/01/14 v3.01 AMS font symbols

(/usr/share/texlive/texmf-dist/tex/latex/amsfonts/amsfonts.sty
Package: amsfonts 2013/01/14 v3.01 Basic AMSFonts support
\symAMSa=\mathgroup4
\symAMSb=\mathgroup5
LaTeX Font Info:    Overwriting math alphabet `\mathfrak' in version `bold'
(Font)                  U/euf/m/n --> U/euf/b/n on input line 106.
))
(/usr/share/texlive/texmf-dist/tex/latex/amscls/amsthm.sty
Package: amsthm 2015/03/04 v2.20.2
\thm@style=\toks19
\thm@bodyfont=\toks20
\thm@headfont=\toks21
\thm@notefont=\toks22
\thm@headpunct=\toks23
\thm@preskip=\skip46
\thm@postskip=\skip47
\thm@headsep=\skip48
\dth@everypar=\toks24
)
(/usr/share/texlive/texmf-dist/tex/latex/graphics/graphics.sty
Package: graphics 2016/01/03 v1.0q Standard LaTeX Graphics (DPC,SPQR)

(/usr/share/texlive/texmf-dist/tex/latex/graphics/trig.sty
Package: trig 2016/01/03 v1.10 sin cos tan (DPC)
)
(/usr/share/texlive/texmf-dist/tex/latex/latexconfig/graphics.cfg
File: graphics.cfg 2010/04/23 v1.9 graphics configuration of TeX Live
)
Package graphics Info: Driver file: pdftex.def on input line 95.

(/usr/share/texlive/texmf-dist/tex/latex/pdftex-def/pdftex.def
File: pdftex.def 2011/05/27 v0.06d Graphics/color for pdfTeX

(/usr/share/texlive/texmf-dist/tex/generic/oberdiek/infwarerr.sty
Package: infwarerr 2010/04/08 v1.3 Providing info/warning/error messages (HO)
)
(/usr/share/texlive/texmf-dist/tex/generic/oberdiek/ltxcmds.sty
Package: ltxcmds 2011/11/09 v1.22 LaTeX kernel commands for general use (HO)
)
\Gread@gobject=\count99
))
(/usr/share/texlive/texmf-dist/tex/latex/graphics/graphicx.sty
Package: graphicx 2014/10/28 v1.0g Enhanced LaTeX Graphics (DPC,SPQR)

(/usr/share/texlive/texmf-dist/tex/latex/graphics/keyval.sty
Package: keyval 2014/10/28 v1.15 key=value parser (DPC)
\KV@toks@=\toks25
)
\Gin@req@height=\dimen112
\Gin@req@width=\dimen113
)
(/usr/share/texlive/texmf-dist/tex/generic/texdraw/texdraw.sty
(/usr/share/texlive/texmf-dist/tex/generic/texdraw/texdraw.tex
\t@counta=\count100
\t@countb=\count101
\t@countc=\count102
\t@countd=\count103
\t@counte=\count104
\t@pixa=\count105
\t@pixb=\count106
\t@pixc=\count107
\t@pixd=\count108
\t@xpos=\dimen114
\t@ypos=\dimen115
\xminpix=\count109
\xmaxpix=\count110
\yminpix=\count111
\ymaxpix=\count112
\a@lenpix=\count113
\a@widpix=\count114
\x@pix=\count115
\y@pix=\count116
\x@segoffpix=\count117
\y@segoffpix=\count118
\x@savepix=\count119
\y@savepix=\count120
\s@ppix=\count121
\d@bs=\count122
\t@xdnum=\count123
\t@xdbox=\box28
\drawfile=\write3
\everytexdraw=\toks26
)
Package: texdraw 1995/12/19 TeXdraw V2R0
)
(/usr/share/texlive/texmf-dist/tex/latex/graphics/color.sty
Package: color 2016/01/03 v1.1b Standard LaTeX Color (DPC)

(/usr/share/texlive/texmf-dist/tex/latex/latexconfig/color.cfg
File: color.cfg 2007/01/18 v1.5 color configuration of teTeX/TeXLive
)
Package color Info: Driver file: pdftex.def on input line 143.
)
(/usr/share/texlive/texmf-dist/tex/latex/subfigure/subfigure.sty
Package: subfigure 2002/03/15 v2.1.5 subfigure package
\subfigtopskip=\skip49
\subfigcapskip=\skip50
\subfigcaptopadj=\dimen116
\subfigbottomskip=\skip51
\subfigcapmargin=\dimen117
\subfiglabelskip=\skip52
\c@subfigure=\count124
\c@lofdepth=\count125
\c@subtable=\count126
\c@lotdepth=\count127

****************************************
* Local config file subfigure.cfg used *
****************************************
(/usr/share/texlive/texmf-dist/tex/latex/subfigure/subfigure.cfg)
\subfig@top=\skip53
\subfig@bottom=\skip54
)
(/usr/share/texlive/texmf-dist/tex/latex/pgf/frontendlayer/tikz.sty
(/usr/share/texlive/texmf-dist/tex/latex/pgf/basiclayer/pgf.sty
(/usr/share/texlive/texmf-dist/tex/latex/pgf/utilities/pgfrcs.sty
(/usr/share/texlive/texmf-dist/tex/generic/pgf/utilities/pgfutil-common.tex
\pgfutil@everybye=\toks27
\pgfutil@tempdima=\dimen118
\pgfutil@tempdimb=\dimen119

(/usr/share/texlive/texmf-dist/tex/generic/pgf/utilities/pgfutil-common-lists.t
ex)) (/usr/share/texlive/texmf-dist/tex/generic/pgf/utilities/pgfutil-latex.def
\pgfutil@abb=\box29
(/usr/share/texlive/texmf-dist/tex/latex/ms/everyshi.sty
Package: everyshi 2001/05/15 v3.00 EveryShipout Package (MS)
))
(/usr/share/texlive/texmf-dist/tex/generic/pgf/utilities/pgfrcs.code.tex
Package: pgfrcs 2015/08/07 v3.0.1a (rcs-revision 1.31)
))
Package: pgf 2015/08/07 v3.0.1a (rcs-revision 1.15)

(/usr/share/texlive/texmf-dist/tex/latex/pgf/basiclayer/pgfcore.sty
(/usr/share/texlive/texmf-dist/tex/latex/pgf/systemlayer/pgfsys.sty
(/usr/share/texlive/texmf-dist/tex/generic/pgf/systemlayer/pgfsys.code.tex
Package: pgfsys 2014/07/09 v3.0.1a (rcs-revision 1.48)

(/usr/share/texlive/texmf-dist/tex/generic/pgf/utilities/pgfkeys.code.tex
\pgfkeys@pathtoks=\toks28
\pgfkeys@temptoks=\toks29

(/usr/share/texlive/texmf-dist/tex/generic/pgf/utilities/pgfkeysfiltered.code.t
ex
\pgfkeys@tmptoks=\toks30
))
\pgf@x=\dimen120
\pgf@y=\dimen121
\pgf@xa=\dimen122
\pgf@ya=\dimen123
\pgf@xb=\dimen124
\pgf@yb=\dimen125
\pgf@xc=\dimen126
\pgf@yc=\dimen127
\w@pgf@writea=\write4
\r@pgf@reada=\read1
\c@pgf@counta=\count128
\c@pgf@countb=\count129
\c@pgf@countc=\count130
\c@pgf@countd=\count131
\t@pgf@toka=\toks31
\t@pgf@tokb=\toks32
\t@pgf@tokc=\toks33
 (/usr/share/texlive/texmf-dist/tex/generic/pgf/systemlayer/pgf.cfg
File: pgf.cfg 2008/05/14  (rcs-revision 1.7)
)
Driver file for pgf: pgfsys-pdftex.def

(/usr/share/texlive/texmf-dist/tex/generic/pgf/systemlayer/pgfsys-pdftex.def
File: pgfsys-pdftex.def 2014/10/11  (rcs-revision 1.35)

(/usr/share/texlive/texmf-dist/tex/generic/pgf/systemlayer/pgfsys-common-pdf.de
f
File: pgfsys-common-pdf.def 2013/10/10  (rcs-revision 1.13)
)))
(/usr/share/texlive/texmf-dist/tex/generic/pgf/systemlayer/pgfsyssoftpath.code.
tex
File: pgfsyssoftpath.code.tex 2013/09/09  (rcs-revision 1.9)
\pgfsyssoftpath@smallbuffer@items=\count132
\pgfsyssoftpath@bigbuffer@items=\count133
)
(/usr/share/texlive/texmf-dist/tex/generic/pgf/systemlayer/pgfsysprotocol.code.
tex
File: pgfsysprotocol.code.tex 2006/10/16  (rcs-revision 1.4)
)) (/usr/share/texlive/texmf-dist/tex/latex/xcolor/xcolor.sty
Package: xcolor 2007/01/21 v2.11 LaTeX color extensions (UK)

(/usr/share/texlive/texmf-dist/tex/latex/latexconfig/color.cfg
File: color.cfg 2007/01/18 v1.5 color configuration of teTeX/TeXLive
)
Package xcolor Info: Driver file: pdftex.def on input line 225.
LaTeX Info: Redefining \color on input line 702.
Package xcolor Info: Model `cmy' substituted by `cmy0' on input line 1337.
Package xcolor Info: Model `hsb' substituted by `rgb' on input line 1341.
Package xcolor Info: Model `RGB' extended on input line 1353.
Package xcolor Info: Model `HTML' substituted by `rgb' on input line 1355.
Package xcolor Info: Model `Hsb' substituted by `hsb' on input line 1356.
Package xcolor Info: Model `tHsb' substituted by `hsb' on input line 1357.
Package xcolor Info: Model `HSB' substituted by `hsb' on input line 1358.
Package xcolor Info: Model `Gray' substituted by `gray' on input line 1359.
Package xcolor Info: Model `wave' substituted by `hsb' on input line 1360.
)
(/usr/share/texlive/texmf-dist/tex/generic/pgf/basiclayer/pgfcore.code.tex
Package: pgfcore 2010/04/11 v3.0.1a (rcs-revision 1.7)

(/usr/share/texlive/texmf-dist/tex/generic/pgf/math/pgfmath.code.tex
(/usr/share/texlive/texmf-dist/tex/generic/pgf/math/pgfmathcalc.code.tex
(/usr/share/texlive/texmf-dist/tex/generic/pgf/math/pgfmathutil.code.tex)
(/usr/share/texlive/texmf-dist/tex/generic/pgf/math/pgfmathparser.code.tex
\pgfmath@dimen=\dimen128
\pgfmath@count=\count134
\pgfmath@box=\box30
\pgfmath@toks=\toks34
\pgfmath@stack@operand=\toks35
\pgfmath@stack@operation=\toks36
)
(/usr/share/texlive/texmf-dist/tex/generic/pgf/math/pgfmathfunctions.code.tex
(/usr/share/texlive/texmf-dist/tex/generic/pgf/math/pgfmathfunctions.basic.code
.tex)
(/usr/share/texlive/texmf-dist/tex/generic/pgf/math/pgfmathfunctions.trigonomet
ric.code.tex)
(/usr/share/texlive/texmf-dist/tex/generic/pgf/math/pgfmathfunctions.random.cod
e.tex)
(/usr/share/texlive/texmf-dist/tex/generic/pgf/math/pgfmathfunctions.comparison
.code.tex)
(/usr/share/texlive/texmf-dist/tex/generic/pgf/math/pgfmathfunctions.base.code.
tex)
(/usr/share/texlive/texmf-dist/tex/generic/pgf/math/pgfmathfunctions.round.code
.tex)
(/usr/share/texlive/texmf-dist/tex/generic/pgf/math/pgfmathfunctions.misc.code.
tex)
(/usr/share/texlive/texmf-dist/tex/generic/pgf/math/pgfmathfunctions.integerari
thmetics.code.tex)))
(/usr/share/texlive/texmf-dist/tex/generic/pgf/math/pgfmathfloat.code.tex
\c@pgfmathroundto@lastzeros=\count135
))
(/usr/share/texlive/texmf-dist/tex/generic/pgf/basiclayer/pgfcorepoints.code.te
x
File: pgfcorepoints.code.tex 2013/10/07  (rcs-revision 1.27)
\pgf@picminx=\dimen129
\pgf@picmaxx=\dimen130
\pgf@picminy=\dimen131
\pgf@picmaxy=\dimen132
\pgf@pathminx=\dimen133
\pgf@pathmaxx=\dimen134
\pgf@pathminy=\dimen135
\pgf@pathmaxy=\dimen136
\pgf@xx=\dimen137
\pgf@xy=\dimen138
\pgf@yx=\dimen139
\pgf@yy=\dimen140
\pgf@zx=\dimen141
\pgf@zy=\dimen142
)
(/usr/share/texlive/texmf-dist/tex/generic/pgf/basiclayer/pgfcorepathconstruct.
code.tex
File: pgfcorepathconstruct.code.tex 2013/10/07  (rcs-revision 1.29)
\pgf@path@lastx=\dimen143
\pgf@path@lasty=\dimen144
)
(/usr/share/texlive/texmf-dist/tex/generic/pgf/basiclayer/pgfcorepathusage.code
.tex
File: pgfcorepathusage.code.tex 2014/11/02  (rcs-revision 1.24)
\pgf@shorten@end@additional=\dimen145
\pgf@shorten@start@additional=\dimen146
)
(/usr/share/texlive/texmf-dist/tex/generic/pgf/basiclayer/pgfcorescopes.code.te
x
File: pgfcorescopes.code.tex 2015/05/08  (rcs-revision 1.46)
\pgfpic=\box31
\pgf@hbox=\box32
\pgf@layerbox@main=\box33
\pgf@picture@serial@count=\count136
)
(/usr/share/texlive/texmf-dist/tex/generic/pgf/basiclayer/pgfcoregraphicstate.c
ode.tex
File: pgfcoregraphicstate.code.tex 2014/11/02  (rcs-revision 1.12)
\pgflinewidth=\dimen147
)
(/usr/share/texlive/texmf-dist/tex/generic/pgf/basiclayer/pgfcoretransformation
s.code.tex
File: pgfcoretransformations.code.tex 2015/08/07  (rcs-revision 1.20)
\pgf@pt@x=\dimen148
\pgf@pt@y=\dimen149
\pgf@pt@temp=\dimen150
)
(/usr/share/texlive/texmf-dist/tex/generic/pgf/basiclayer/pgfcorequick.code.tex
File: pgfcorequick.code.tex 2008/10/09  (rcs-revision 1.3)
)
(/usr/share/texlive/texmf-dist/tex/generic/pgf/basiclayer/pgfcoreobjects.code.t
ex
File: pgfcoreobjects.code.tex 2006/10/11  (rcs-revision 1.2)
)
(/usr/share/texlive/texmf-dist/tex/generic/pgf/basiclayer/pgfcorepathprocessing
.code.tex
File: pgfcorepathprocessing.code.tex 2013/09/09  (rcs-revision 1.9)
)
(/usr/share/texlive/texmf-dist/tex/generic/pgf/basiclayer/pgfcorearrows.code.te
x
File: pgfcorearrows.code.tex 2015/05/14  (rcs-revision 1.43)
\pgfarrowsep=\dimen151
)
(/usr/share/texlive/texmf-dist/tex/generic/pgf/basiclayer/pgfcoreshade.code.tex
File: pgfcoreshade.code.tex 2013/07/15  (rcs-revision 1.15)
\pgf@max=\dimen152
\pgf@sys@shading@range@num=\count137
)
(/usr/share/texlive/texmf-dist/tex/generic/pgf/basiclayer/pgfcoreimage.code.tex
File: pgfcoreimage.code.tex 2013/07/15  (rcs-revision 1.18)

(/usr/share/texlive/texmf-dist/tex/generic/pgf/basiclayer/pgfcoreexternal.code.
tex
File: pgfcoreexternal.code.tex 2014/07/09  (rcs-revision 1.21)
\pgfexternal@startupbox=\box34
))
(/usr/share/texlive/texmf-dist/tex/generic/pgf/basiclayer/pgfcorelayers.code.te
x
File: pgfcorelayers.code.tex 2013/07/18  (rcs-revision 1.7)
)
(/usr/share/texlive/texmf-dist/tex/generic/pgf/basiclayer/pgfcoretransparency.c
ode.tex
File: pgfcoretransparency.code.tex 2013/09/30  (rcs-revision 1.5)
)
(/usr/share/texlive/texmf-dist/tex/generic/pgf/basiclayer/pgfcorepatterns.code.
tex
File: pgfcorepatterns.code.tex 2013/11/07  (rcs-revision 1.5)
)))
(/usr/share/texlive/texmf-dist/tex/generic/pgf/modules/pgfmoduleshapes.code.tex
File: pgfmoduleshapes.code.tex 2014/03/21  (rcs-revision 1.35)
\pgfnodeparttextbox=\box35
) (/usr/share/texlive/texmf-dist/tex/generic/pgf/modules/pgfmoduleplot.code.tex
File: pgfmoduleplot.code.tex 2015/08/03  (rcs-revision 1.13)
)
(/usr/share/texlive/texmf-dist/tex/latex/pgf/compatibility/pgfcomp-version-0-65
.sty
Package: pgfcomp-version-0-65 2007/07/03 v3.0.1a (rcs-revision 1.7)
\pgf@nodesepstart=\dimen153
\pgf@nodesepend=\dimen154
)
(/usr/share/texlive/texmf-dist/tex/latex/pgf/compatibility/pgfcomp-version-1-18
.sty
Package: pgfcomp-version-1-18 2007/07/23 v3.0.1a (rcs-revision 1.1)
)) (/usr/share/texlive/texmf-dist/tex/latex/pgf/utilities/pgffor.sty
(/usr/share/texlive/texmf-dist/tex/latex/pgf/utilities/pgfkeys.sty
(/usr/share/texlive/texmf-dist/tex/generic/pgf/utilities/pgfkeys.code.tex))
(/usr/share/texlive/texmf-dist/tex/latex/pgf/math/pgfmath.sty
(/usr/share/texlive/texmf-dist/tex/generic/pgf/math/pgfmath.code.tex))
(/usr/share/texlive/texmf-dist/tex/generic/pgf/utilities/pgffor.code.tex
Package: pgffor 2013/12/13 v3.0.1a (rcs-revision 1.25)

(/usr/share/texlive/texmf-dist/tex/generic/pgf/math/pgfmath.code.tex)
\pgffor@iter=\dimen155
\pgffor@skip=\dimen156
\pgffor@stack=\toks37
\pgffor@toks=\toks38
))
(/usr/share/texlive/texmf-dist/tex/generic/pgf/frontendlayer/tikz/tikz.code.tex
Package: tikz 2015/08/07 v3.0.1a (rcs-revision 1.151)

(/usr/share/texlive/texmf-dist/tex/generic/pgf/libraries/pgflibraryplothandlers
.code.tex
File: pgflibraryplothandlers.code.tex 2013/08/31 v3.0.1a (rcs-revision 1.20)
\pgf@plot@mark@count=\count138
\pgfplotmarksize=\dimen157
)
\tikz@lastx=\dimen158
\tikz@lasty=\dimen159
\tikz@lastxsaved=\dimen160
\tikz@lastysaved=\dimen161
\tikzleveldistance=\dimen162
\tikzsiblingdistance=\dimen163
\tikz@figbox=\box36
\tikz@figbox@bg=\box37
\tikz@tempbox=\box38
\tikz@tempbox@bg=\box39
\tikztreelevel=\count139
\tikznumberofchildren=\count140
\tikznumberofcurrentchild=\count141
\tikz@fig@count=\count142

(/usr/share/texlive/texmf-dist/tex/generic/pgf/modules/pgfmodulematrix.code.tex
File: pgfmodulematrix.code.tex 2013/09/17  (rcs-revision 1.8)
\pgfmatrixcurrentrow=\count143
\pgfmatrixcurrentcolumn=\count144
\pgf@matrix@numberofcolumns=\count145
)
\tikz@expandcount=\count146

(/usr/share/texlive/texmf-dist/tex/generic/pgf/frontendlayer/tikz/libraries/tik
zlibrarytopaths.code.tex
File: tikzlibrarytopaths.code.tex 2008/06/17 v3.0.1a (rcs-revision 1.2)
)))
(/usr/share/texlive/texmf-dist/tex/latex/pstricks/pstricks.sty
Package: pstricks 2015/11/14 v0.62 LaTeX wrapper for `PSTricks' (RN,HV)

(/usr/share/texlive/texmf-dist/tex/generic/pstricks/pstricks.tex
(/usr/share/texlive/texmf-dist/tex/generic/xkeyval/pst-xkey.tex
File: pst-xkey.tex 2005/11/25 v1.6 PSTricks specialization of xkeyval (HA)

(/usr/share/texlive/texmf-dist/tex/latex/xkeyval/xkeyval.sty
Package: xkeyval 2014/12/03 v2.7a package option processing (HA)

(/usr/share/texlive/texmf-dist/tex/generic/xkeyval/xkeyval.tex
(/usr/share/texlive/texmf-dist/tex/generic/xkeyval/xkvutils.tex
\XKV@toks=\toks39
\XKV@tempa@toks=\toks40
)
\XKV@depth=\count147
File: xkeyval.tex 2014/12/03 v2.7a key=value parser (HA)
)))
(/usr/share/texlive/texmf-dist/tex/generic/pstricks/pst-fp.tex
`pst-fp' v0.05, 2010/01/17 (hv)
\pstFP@xs=\count148
\pstFP@xia=\count149
\pstFP@xib=\count150
\pstFP@xfa=\count151
\pstFP@xfb=\count152
\pstFP@rega=\count153
\pstFP@regb=\count154
\pstFP@regs=\count155
\pstFP@times=\count156
)
(/usr/share/texlive/texmf-dist/tex/generic/pgf/utilities/pgfutil-common.tex
\pgfutil@everybye=\toks41
\pgfutil@tempdima=\dimen164
\pgfutil@tempdimb=\dimen165

(/usr/share/texlive/texmf-dist/tex/generic/pgf/utilities/pgfutil-common-lists.t
ex)) (/usr/share/texlive/texmf-dist/tex/generic/pgf/utilities/pgfkeys.code.tex)
(/usr/share/texlive/texmf-dist/tex/generic/pgf/utilities/pgffor.code.tex
(/usr/share/texlive/texmf-dist/tex/generic/pgf/math/pgfmath.code.tex)
\pgffor@iter=\dimen166
\pgffor@skip=\dimen167
\pgffor@stack=\toks42
\pgffor@toks=\toks43
)
\psLoopIndex=\count157

`PSTricks' v2.64b  <2015/14/11> (tvz)
\pst@dima=\dimen168
\pst@dimb=\dimen169
\pst@dimc=\dimen170
\pst@dimd=\dimen171
\pst@dimg=\dimen172
\pst@dimh=\dimen173
\pst@dimm=\dimen174
\pst@dimn=\dimen175
\pst@dimo=\dimen176
\pst@dimp=\dimen177
\pst@hbox=\box40
\pst@ibox=\box41
\pst@boxg=\box42
\pst@cnta=\count158
\pst@cntb=\count159
\pst@cntc=\count160
\pst@cntd=\count161
\pst@cntg=\count162
\pst@cnth=\count163
\pst@cntm=\count164
\pst@cntn=\count165
\pst@cnto=\count166
\pst@cntp=\count167
\@zero=\count168
\pst@toks=\toks44
(/usr/share/texlive/texmf-dist/tex/generic/pstricks/pstricks.con)
\psunit=\dimen178
\psxunit=\dimen179
\psyunit=\dimen180
\pst@C@@rType=\count169
\pslinewidth=\dimen181
\psk@startLW=\dimen182
\psk@endLW=\dimen183
\pst@customdefs=\toks45
\pslinearc=\dimen184
\pst@symbolStep=\dimen185
\pst@symbolWidth=\dimen186
\pst@symbolLinewidth=\dimen187
\everypsbox=\toks46
\psframesep=\dimen188
\pslabelsep=\dimen189
\sh@wgridXunit=\dimen190
\sh@wgridYunit=\dimen191
\pst@shift=\dimen192
)
File: pstricks.tex 2015/14/11 v2.64b `PSTricks' (tvz,hv)

(/usr/share/texlive/texmf-dist/tex/generic/pstricks/pst-fp.tex)
File: pst-fp.tex 2015/14/11 v2.64b `PST-fp' (hv)
)
(/usr/share/texlive/texmf-dist/tex/latex/graphics/epsfig.sty
Package: epsfig 1999/02/16 v1.7a (e)psfig emulation (SPQR)
\epsfxsize=\dimen193
\epsfysize=\dimen194
)
(/usr/share/texlive/texmf-dist/tex/latex/animate/animate.sty
Package: animate 2016/03/15 PDF animations from files and inline graphics

(/usr/share/texlive/texmf-dist/tex/latex/base/ifthen.sty
Package: ifthen 2014/09/29 v1.1c Standard LaTeX ifthen package (DPC)
)
(/usr/share/texlive/texmf-dist/tex/generic/oberdiek/ifpdf.sty
Package: ifpdf 2011/01/30 v2.3 Provides the ifpdf switch (HO)
Package ifpdf Info: pdfTeX in PDF mode is detected.
)
(/usr/share/texlive/texmf-dist/tex/generic/oberdiek/ifluatex.sty
Package: ifluatex 2010/03/01 v1.3 Provides the ifluatex switch (HO)
Package ifluatex Info: LuaTeX not detected.
)
(/usr/share/texlive/texmf-dist/tex/latex/oberdiek/ifdraft.sty
Package: ifdraft 2008/08/11 v1.3 Detect class options draft and final (HO)
)
(/usr/share/texlive/texmf-dist/tex/latex/tools/calc.sty
Package: calc 2014/10/28 v4.3 Infix arithmetic (KKT,FJ)
\calc@Acount=\count170
\calc@Bcount=\count171
\calc@Adimen=\dimen195
\calc@Bdimen=\dimen196
\calc@Askip=\skip55
\calc@Bskip=\skip56
LaTeX Info: Redefining \setlength on input line 80.
LaTeX Info: Redefining \addtolength on input line 81.
\calc@Ccount=\count172
\calc@Cskip=\skip57
)
(/usr/share/texlive/texmf-dist/tex/latex/oberdiek/atenddvi.sty
Package: atenddvi 2007/04/17 v1.1 At end DVI hook (HO)

(/usr/share/texlive/texmf-dist/tex/latex/oberdiek/zref-abspage.sty
Package: zref-abspage 2012/04/04 v2.24 Module abspage for zref (HO)

(/usr/share/texlive/texmf-dist/tex/latex/oberdiek/zref-base.sty
Package: zref-base 2012/04/04 v2.24 Module base for zref (HO)

(/usr/share/texlive/texmf-dist/tex/generic/oberdiek/kvsetkeys.sty
Package: kvsetkeys 2012/04/25 v1.16 Key value parser (HO)

(/usr/share/texlive/texmf-dist/tex/generic/oberdiek/etexcmds.sty
Package: etexcmds 2011/02/16 v1.5 Avoid name clashes with e-TeX commands (HO)
Package etexcmds Info: Could not find \expanded.
(etexcmds)             That can mean that you are not using pdfTeX 1.50 or
(etexcmds)             that some package has redefined \expanded.
(etexcmds)             In the latter case, load this package earlier.
))
(/usr/share/texlive/texmf-dist/tex/generic/oberdiek/kvdefinekeys.sty
Package: kvdefinekeys 2011/04/07 v1.3 Define keys (HO)
)
(/usr/share/texlive/texmf-dist/tex/generic/oberdiek/pdftexcmds.sty
Package: pdftexcmds 2011/11/29 v0.20 Utility functions of pdfTeX for LuaTeX (HO
)
Package pdftexcmds Info: LuaTeX not detected.
Package pdftexcmds Info: \pdf@primitive is available.
Package pdftexcmds Info: \pdf@ifprimitive is available.
Package pdftexcmds Info: \pdfdraftmode found.
)
(/usr/share/texlive/texmf-dist/tex/latex/oberdiek/auxhook.sty
Package: auxhook 2011/03/04 v1.3 Hooks for auxiliary files (HO)
)
Package zref Info: New property list: main on input line 759.
Package zref Info: New property: default on input line 760.
Package zref Info: New property: page on input line 761.
)
(/usr/share/texlive/texmf-dist/tex/generic/oberdiek/atbegshi.sty
Package: atbegshi 2011/10/05 v1.16 At begin shipout hook (HO)
)
\c@abspage=\count173
Package zref Info: New property: abspage on input line 62.
)
(/usr/share/texlive/texmf-dist/tex/latex/oberdiek/zref-lastpage.sty
Package: zref-lastpage 2012/04/04 v2.24 Module lastpage for zref (HO)

(/usr/share/texlive/texmf-dist/tex/latex/oberdiek/atveryend.sty
Package: atveryend 2011/06/30 v1.8 Hooks at the very end of document (HO)
Package atveryend Info: \enddocument detected (standard20110627).
)
Package zref Info: New property list: LastPage on input line 55.
))
(/usr/share/texlive/texmf-dist/tex/latex/animate/animfp.sty
Package: animfp 2009/07/23 fixed point addition for animate.sty
\afp@xs=\count174
\afp@xia=\count175
\afp@xib=\count176
\afp@xfa=\count177
\afp@xfb=\count178
\afp@rega=\count179
\afp@regb=\count180
\afp@regs=\count181
)
(/usr/share/texlive/texmf-dist/tex/latex/media9/pdfbase.sty
(/usr/share/texlive/texmf-dist/tex/latex/l3kernel/expl3.sty
Package: expl3 2016/01/19 v6377 L3 programming layer (loader) 

(/usr/share/texlive/texmf-dist/tex/latex/l3kernel/expl3-code.tex
Package: expl3 2016/01/19 v6377 L3 programming layer (code)
L3 Module: l3bootstrap 2016/01/01 v6339 L3 Bootstrap code
L3 Module: l3names 2015/12/21 v6328 L3 Namespace for primitives
L3 Module: l3basics 2015/11/22 v6315 L3 Basic definitions
L3 Module: l3expan 2015/09/10 v5983 L3 Argument expansion
L3 Module: l3tl 2015/09/29 v6121 L3 Token lists
L3 Module: l3str 2016/01/03 v6357 L3 Strings
L3 Module: l3seq 2015/08/05 v5777 L3 Sequences and stacks
L3 Module: l3int 2016/01/05 v6366 L3 Integers
\c_max_int=\count182
\l_tmpa_int=\count183
\l_tmpb_int=\count184
\g_tmpa_int=\count185
\g_tmpb_int=\count186
L3 Module: l3quark 2015/08/17 v5855 L3 Quarks
L3 Module: l3prg 2015/11/01 v6216 L3 Control structures
\g__prg_map_int=\count187
L3 Module: l3clist 2015/09/02 v5901 L3 Comma separated lists
L3 Module: l3token 2015/11/11 v6249 L3 Experimental token manipulation
L3 Module: l3prop 2016/01/05 v6366 L3 Property lists
L3 Module: l3msg 2015/09/28 v6113 L3 Messages
L3 Module: l3file 2015/12/03 v6317 L3 File and I/O operations
\l_iow_line_count_int=\count188
\l__iow_target_count_int=\count189
\l__iow_current_line_int=\count190
\l__iow_current_word_int=\count191
\l__iow_current_indentation_int=\count192
L3 Module: l3skip 2016/01/05 v6366 L3 Dimensions and skips
\c_zero_dim=\dimen197
\c_max_dim=\dimen198
\l_tmpa_dim=\dimen199
\l_tmpb_dim=\dimen256
\g_tmpa_dim=\dimen257
\g_tmpb_dim=\dimen258
\c_zero_skip=\skip58
\c_max_skip=\skip59
\l_tmpa_skip=\skip60
\l_tmpb_skip=\skip61
\g_tmpa_skip=\skip62
\g_tmpb_skip=\skip63
\c_zero_muskip=\muskip11
\c_max_muskip=\muskip12
\l_tmpa_muskip=\muskip13
\l_tmpb_muskip=\muskip14
\g_tmpa_muskip=\muskip15
\g_tmpb_muskip=\muskip16
L3 Module: l3keys 2015/11/17 v6284 L3 Key-value interfaces
\g__keyval_level_int=\count193
\l_keys_choice_int=\count194
L3 Module: l3fp 2015/08/25 v5890 L3 Floating points
\c__fp_leading_shift_int=\count195
\c__fp_middle_shift_int=\count196
\c__fp_trailing_shift_int=\count197
\c__fp_big_leading_shift_int=\count198
\c__fp_big_middle_shift_int=\count199
\c__fp_big_trailing_shift_int=\count266
\c__fp_Bigg_leading_shift_int=\count267
\c__fp_Bigg_middle_shift_int=\count268
\c__fp_Bigg_trailing_shift_int=\count269
L3 Module: l3box 2015/08/09 v5822 L3 Experimental boxes
\c_empty_box=\box43
\l_tmpa_box=\box44
\l_tmpb_box=\box45
\g_tmpa_box=\box46
\g_tmpb_box=\box47
L3 Module: l3coffins 2015/08/06 v5789 L3 Coffin code layer
\l__coffin_internal_box=\box48
\l__coffin_internal_dim=\dimen259
\l__coffin_offset_x_dim=\dimen260
\l__coffin_offset_y_dim=\dimen261
\l__coffin_x_dim=\dimen262
\l__coffin_y_dim=\dimen263
\l__coffin_x_prime_dim=\dimen264
\l__coffin_y_prime_dim=\dimen265
\c_empty_coffin=\box49
\l__coffin_aligned_coffin=\box50
\l__coffin_aligned_internal_coffin=\box51
\l_tmpa_coffin=\box52
\l_tmpb_coffin=\box53
\l__coffin_display_coffin=\box54
\l__coffin_display_coord_coffin=\box55
\l__coffin_display_pole_coffin=\box56
\l__coffin_display_offset_dim=\dimen266
\l__coffin_display_x_dim=\dimen267
\l__coffin_display_y_dim=\dimen268
L3 Module: l3color 2014/08/23 v5354 L3 Experimental color support
L3 Module: l3sys 2015/09/25 v6087 L3 Experimental system/runtime functions
L3 Module: l3candidates 2016/01/14 v6376 L3 Experimental additions to l3kernel
\l__box_top_dim=\dimen269
\l__box_bottom_dim=\dimen270
\l__box_left_dim=\dimen271
\l__box_right_dim=\dimen272
\l__box_top_new_dim=\dimen273
\l__box_bottom_new_dim=\dimen274
\l__box_left_new_dim=\dimen275
\l__box_right_new_dim=\dimen276
\l__box_internal_box=\box57
\l__coffin_bounding_shift_dim=\dimen277
\l__coffin_left_corner_dim=\dimen278
\l__coffin_right_corner_dim=\dimen279
\l__coffin_bottom_corner_dim=\dimen280
\l__coffin_top_corner_dim=\dimen281
\l__coffin_scaled_total_height_dim=\dimen282
\l__coffin_scaled_width_dim=\dimen283
L3 Module: l3luatex 2015/11/11 v6250 L3 Experimental LuaTeX-specific functions
)
(/usr/share/texlive/texmf-dist/tex/latex/l3kernel/l3pdfmode.def
File: l3pdfmode.def 2015/11/11 v6250 L3 Experimental driver: PDF mode
\l__driver_color_stack_int=\count270
))
(/usr/share/texlive/texmf-dist/tex/latex/l3experimental/l3str/l3regex.sty
Package: l3regex 2016/01/19 v6377 L3 Experimental regular expressions

(/usr/share/texlive/texmf-dist/tex/latex/l3experimental/l3str/l3tl-build.sty
Package: l3tl-build 2016/01/19 v6377 L3 Experimental token list construction
\l__tl_build_start_index_int=\count271
\l__tl_build_index_int=\count272
)
(/usr/share/texlive/texmf-dist/tex/latex/l3experimental/l3str/l3tl-analysis.sty
Package: l3tl-analysis 2015/11/09 v6244 L3 Experimental token lists analysis
\l__tl_analysis_normal_int=\count273
\l__tl_analysis_index_int=\count274
\l__tl_analysis_nesting_int=\count275
\l__tl_analysis_type_int=\count276
) (/usr/share/texlive/texmf-dist/tex/latex/l3experimental/l3str/l3flag.sty
Package: l3flag 2016/01/19 v6377 L3 Experimental flags
)
(/usr/share/texlive/texmf-dist/tex/latex/l3experimental/l3str/l3str-convert.sty
Package: l3str-convert 2015/09/26 v6106 L3 Experimental string encoding convers
ions
\l__str_internal_int=\count277
\c__str_replacement_char_int=\count278
)
\l__regex_internal_a_int=\count279
\l__regex_internal_b_int=\count280
\l__regex_internal_c_int=\count281
\l__regex_balance_int=\count282
\l__regex_group_level_int=\count283
\l__regex_mode_int=\count284
\l__regex_catcodes_int=\count285
\l__regex_default_catcodes_int=\count286
\c__regex_catcode_D_int=\count287
\c__regex_catcode_S_int=\count288
\c__regex_catcode_L_int=\count289
\c__regex_catcode_O_int=\count290
\c__regex_catcode_A_int=\count291
\c__regex_all_catcodes_int=\count292
\l__regex_show_lines_int=\count293
\l__regex_min_state_int=\count294
\l__regex_max_state_int=\count295
\l__regex_left_state_int=\count296
\l__regex_right_state_int=\count297
\l__regex_capturing_group_int=\count298
\l__regex_min_pos_int=\count299
\l__regex_max_pos_int=\count300
\l__regex_current_pos_int=\count301
\l__regex_start_pos_int=\count302
\l__regex_success_pos_int=\count303
\l__regex_current_char_int=\count304
\l__regex_current_catcode_int=\count305
\l__regex_last_char_int=\count306
\l__regex_case_changed_char_int=\count307
\l__regex_current_state_int=\count308
\l__regex_step_int=\count309
\l__regex_min_active_int=\count310
\l__regex_max_active_int=\count311
\l__regex_replacement_csnames_int=\count312
\l__regex_match_count_int=\count313
\l__regex_submatch_int=\count314
\l__regex_zeroth_submatch_int=\count315
) (/usr/share/texlive/texmf-dist/tex/latex/l3packages/l3keys2e/l3keys2e.sty
Package: l3keys2e 2016/01/19 v6377 LaTeX2e option processing using LaTeX3 keys
)
Package: pdfbase 2016/03/11 v0.7 driver independent access to low-level PDF fea
tures
\g_pbs_oc_int=\count316
)
(/usr/share/texlive/texmf-dist/tex/latex/ocgx2/ocgbase.sty
Package: ocgbase 2016/03/11 v0.6 support package for ocgx2.sty
)
(/usr/share/texlive/texmf-dist/tex/context/base/supp-pdf.mkii
[Loading MPS to PDF converter (version 2006.09.02).]
\scratchcounter=\count317
\scratchdimen=\dimen284
\scratchbox=\box58
\nofMPsegments=\count318
\nofMParguments=\count319
\everyMPshowfont=\toks47
\MPscratchCnt=\count320
\MPscratchDim=\dimen285
\MPnumerator=\count321
\makeMPintoPDFobject=\count322
\everyMPtoPDFconversion=\toks48
)
\@anim@box=\box59
\@anim@measbox=\box60
\@anim@tmpdima=\dimen286
\@anim@tmpdimb=\dimen287
\@anim@num=\count323
\@anim@curframe=\count324
\@anim@curframe@zb=\count325
\@anim@resizeflags=\count326
\@anim@skipfram=\count327
\@anim@mulframecnt=\count328
\@anim@@tmlnfile=\read2
\@anim@tmpcnt=\count329
\c@@anim@ltxcnt=\count330
\@anim@curlayer=\count331
\@anim@lineno=\count332
\@anim@curfield=\count333
\@anim@@resizeflags=\count334
)
(/usr/share/texlive/texmf-dist/tex/generic/pgf/frontendlayer/tikz/libraries/tik
zlibrarydecorations.fractals.code.tex
(/usr/share/texlive/texmf-dist/tex/generic/pgf/frontendlayer/tikz/libraries/tik
zlibrarydecorations.code.tex
(/usr/share/texlive/texmf-dist/tex/generic/pgf/modules/pgfmoduledecorations.cod
e.tex
\pgfdecoratedcompleteddistance=\dimen288
\pgfdecoratedremainingdistance=\dimen289
\pgfdecoratedinputsegmentcompleteddistance=\dimen290
\pgfdecoratedinputsegmentremainingdistance=\dimen291
\pgf@decorate@distancetomove=\dimen292
\pgf@decorate@repeatstate=\count335
\pgfdecorationsegmentamplitude=\dimen293
\pgfdecorationsegmentlength=\dimen294
)
\tikz@lib@dec@box=\box61
)
(/usr/share/texlive/texmf-dist/tex/generic/pgf/libraries/decorations/pgflibrary
decorations.fractals.code.tex))
(/usr/share/texlive/texmf-dist/tex/latex/caption/caption.sty
Package: caption 2016/02/21 v3.3-144 Customizing captions (AR)

(/usr/share/texlive/texmf-dist/tex/latex/caption/caption3.sty
Package: caption3 2016/02/04 v1.7-139 caption3 kernel (AR)
Package caption3 Info: TeX engine: e-TeX on input line 67.
\captionmargin=\dimen295
\captionmargin@=\dimen296
\captionwidth=\dimen297
\caption@tempdima=\dimen298
\caption@indent=\dimen299
\caption@parindent=\dimen300
\caption@hangindent=\dimen301
)
\c@ContinuedFloat=\count336
Package caption Info: subfigure package is loaded.
)
(/usr/share/texlive/texmf-dist/tex/latex/was/gensymb.sty
Package: gensymb 2003/07/02 v1.0 (WaS)
)
(/usr/share/texlive/texmf-dist/tex/latex/cancel/cancel.sty
Package: cancel 2013/04/12 v2.2 Cancel math terms
)
(/usr/share/texlive/texmf-dist/tex/latex/caption/subcaption.sty
Package: subcaption 2016/02/20 v1.1-142 Sub-captions (AR)


! Package subcaption Error: This package can't be used in cooperation
(subcaption)                with the subfigure package.

See the subcaption package documentation for explanation.
Type  H <return>  for immediate help.
 ...                                              
                                                  
l.54   \endinput}{}
                   %
RTFM

) (/usr/share/texlive/texmf-dist/tex/latex/url/url.sty
\Urlmuskip=\muskip17
Package: url 2013/09/16  ver 3.4  Verb mode for urls, etc.
)
(/usr/share/texlive/texmf-dist/tex/latex/setspace/setspace.sty
Package: setspace 2011/12/19 v6.7a set line spacing
)
(/usr/share/texlive/texmf-dist/tex/latex/tools/verbatim.sty
Package: verbatim 2014/10/28 v1.5q LaTeX2e package for verbatim enhancements
\every@verbatim=\toks49
\verbatim@line=\toks50
\verbatim@in@stream=\read3
)
(/usr/share/texlive/texmf-dist/tex/latex/hyperref/hyperref.sty
Package: hyperref 2012/11/06 v6.83m Hypertext links for LaTeX

(/usr/share/texlive/texmf-dist/tex/generic/oberdiek/hobsub-hyperref.sty
Package: hobsub-hyperref 2012/05/28 v1.13 Bundle oberdiek, subset hyperref (HO)


(/usr/share/texlive/texmf-dist/tex/generic/oberdiek/hobsub-generic.sty
Package: hobsub-generic 2012/05/28 v1.13 Bundle oberdiek, subset generic (HO)
Package: hobsub 2012/05/28 v1.13 Construct package bundles (HO)
Package hobsub Info: Skipping package `infwarerr' (already loaded).
Package hobsub Info: Skipping package `ltxcmds' (already loaded).
Package hobsub Info: Skipping package `ifluatex' (already loaded).
Package: ifvtex 2010/03/01 v1.5 Detect VTeX and its facilities (HO)
Package ifvtex Info: VTeX not detected.
Package: intcalc 2007/09/27 v1.1 Expandable calculations with integers (HO)
Package hobsub Info: Skipping package `ifpdf' (already loaded).
Package hobsub Info: Skipping package `etexcmds' (already loaded).
Package hobsub Info: Skipping package `kvsetkeys' (already loaded).
Package hobsub Info: Skipping package `kvdefinekeys' (already loaded).
Package hobsub Info: Skipping package `pdftexcmds' (already loaded).
Package: pdfescape 2011/11/25 v1.13 Implements pdfTeX's escape features (HO)
Package: bigintcalc 2012/04/08 v1.3 Expandable calculations on big integers (HO
)
Package: bitset 2011/01/30 v1.1 Handle bit-vector datatype (HO)
Package: uniquecounter 2011/01/30 v1.2 Provide unlimited unique counter (HO)
)
Package hobsub Info: Skipping package `hobsub' (already loaded).
Package: letltxmacro 2010/09/02 v1.4 Let assignment for LaTeX macros (HO)
Package: hopatch 2012/05/28 v1.2 Wrapper for package hooks (HO)
Package: xcolor-patch 2011/01/30 xcolor patch
Package hobsub Info: Skipping package `atveryend' (already loaded).
Package hobsub Info: Skipping package `atbegshi' (already loaded).
Package: refcount 2011/10/16 v3.4 Data extraction from label references (HO)
Package: hycolor 2011/01/30 v1.7 Color options for hyperref/bookmark (HO)
)
(/usr/share/texlive/texmf-dist/tex/generic/ifxetex/ifxetex.sty
Package: ifxetex 2010/09/12 v0.6 Provides ifxetex conditional
)
(/usr/share/texlive/texmf-dist/tex/latex/oberdiek/kvoptions.sty
Package: kvoptions 2011/06/30 v3.11 Key value format for package options (HO)
)
\@linkdim=\dimen302
\Hy@linkcounter=\count337
\Hy@pagecounter=\count338

(/usr/share/texlive/texmf-dist/tex/latex/hyperref/pd1enc.def
File: pd1enc.def 2012/11/06 v6.83m Hyperref: PDFDocEncoding definition (HO)
)
\Hy@SavedSpaceFactor=\count339

(/usr/share/texlive/texmf-dist/tex/latex/latexconfig/hyperref.cfg
File: hyperref.cfg 2002/06/06 v1.2 hyperref configuration of TeXLive
)
Package hyperref Info: Hyper figures OFF on input line 4443.
Package hyperref Info: Link nesting OFF on input line 4448.
Package hyperref Info: Hyper index ON on input line 4451.
Package hyperref Info: Plain pages OFF on input line 4458.
Package hyperref Info: Backreferencing OFF on input line 4463.
Package hyperref Info: Implicit mode ON; LaTeX internals redefined.
Package hyperref Info: Bookmarks ON on input line 4688.
\c@Hy@tempcnt=\count340
LaTeX Info: Redefining \url on input line 5041.
\XeTeXLinkMargin=\dimen303
\Fld@menulength=\count341
\Field@Width=\dimen304
\Fld@charsize=\dimen305
Package hyperref Info: Hyper figures OFF on input line 6295.
Package hyperref Info: Link nesting OFF on input line 6300.
Package hyperref Info: Hyper index ON on input line 6303.
Package hyperref Info: backreferencing OFF on input line 6310.
Package hyperref Info: Link coloring OFF on input line 6315.
Package hyperref Info: Link coloring with OCG OFF on input line 6320.
Package hyperref Info: PDF/A mode OFF on input line 6325.
LaTeX Info: Redefining \ref on input line 6365.
LaTeX Info: Redefining \pageref on input line 6369.
\Hy@abspage=\count342
\c@Item=\count343
\c@Hfootnote=\count344
)

Package hyperref Message: Driver (autodetected): hpdftex.

(/usr/share/texlive/texmf-dist/tex/latex/hyperref/hpdftex.def
File: hpdftex.def 2012/11/06 v6.83m Hyperref driver for pdfTeX
\HyAnn@Count=\count345
\Fld@listcount=\count346
\c@bookmark@seq@number=\count347

(/usr/share/texlive/texmf-dist/tex/latex/oberdiek/rerunfilecheck.sty
Package: rerunfilecheck 2011/04/15 v1.7 Rerun checks for auxiliary files (HO)
Package uniquecounter Info: New unique counter `rerunfilecheck' on input line 2
82.
)
\Hy@SectionHShift=\skip64
)
(/usr/share/texlive/texmf-dist/tex/latex/fancyhdr/fancyhdr.sty
\fancy@headwidth=\skip65
\f@ncyO@elh=\skip66
\f@ncyO@erh=\skip67
\f@ncyO@olh=\skip68
\f@ncyO@orh=\skip69
\f@ncyO@elf=\skip70
\f@ncyO@erf=\skip71
\f@ncyO@olf=\skip72
\f@ncyO@orf=\skip73
)
(./Petscs_Install_petsc_3_5_4_and_petsc_3_7_3_PC_and_Stampede.aux

LaTeX Warning: Label `checkerboard_lattice' multiply defined.


LaTeX Warning: Label `checkerboard_lattice' multiply defined.

)
\openout1 = `Petscs_Install_petsc_3_5_4_and_petsc_3_7_3_PC_and_Stampede.aux'.

LaTeX Font Info:    Checking defaults for OML/cmm/m/it on input line 80.
LaTeX Font Info:    ... okay on input line 80.
LaTeX Font Info:    Checking defaults for T1/cmr/m/n on input line 80.
LaTeX Font Info:    ... okay on input line 80.
LaTeX Font Info:    Checking defaults for OT1/cmr/m/n on input line 80.
LaTeX Font Info:    ... okay on input line 80.
LaTeX Font Info:    Checking defaults for OMS/cmsy/m/n on input line 80.
LaTeX Font Info:    ... okay on input line 80.
LaTeX Font Info:    Checking defaults for OMX/cmex/m/n on input line 80.
LaTeX Font Info:    ... okay on input line 80.
LaTeX Font Info:    Checking defaults for U/cmr/m/n on input line 80.
LaTeX Font Info:    ... okay on input line 80.
LaTeX Font Info:    Checking defaults for PD1/pdf/m/n on input line 80.
LaTeX Font Info:    ... okay on input line 80.
 (/usr/share/texlive/texmf-dist/tex/latex/oberdiek/epstopdf-base.sty
Package: epstopdf-base 2010/02/09 v2.5 Base part for package epstopdf

(/usr/share/texlive/texmf-dist/tex/latex/oberdiek/grfext.sty
Package: grfext 2010/08/19 v1.1 Manage graphics extensions (HO)
)
Package grfext Info: Graphics extension search list:
(grfext)             [.png,.pdf,.jpg,.mps,.jpeg,.jbig2,.jb2,.PNG,.PDF,.JPG,.JPE
G,.JBIG2,.JB2,.eps]
(grfext)             \AppendGraphicsExtensions on input line 452.

(/usr/share/texlive/texmf-dist/tex/latex/latexconfig/epstopdf-sys.cfg
File: epstopdf-sys.cfg 2010/07/13 v1.3 Configuration of (r)epstopdf for TeX Liv
e
))
ABD: EveryShipout initializing macros
\AtBeginShipoutBox=\box62
Package caption Info: Begin \AtBeginDocument code.
Package caption Info: hyperref package is loaded.
Package caption Info: End \AtBeginDocument code.
LaTeX Info: Redefining \celsius on input line 80.
Package gensymb Info: Faking symbols for \degree and \celsius on input line 80.



Package gensymb Warning: Not defining \perthousand.

LaTeX Info: Redefining \ohm on input line 80.
Package gensymb Info: Using \Omega for \ohm on input line 80.

Package gensymb Warning: Not defining \micro.

Package hyperref Info: Link coloring OFF on input line 80.
(/usr/share/texlive/texmf-dist/tex/latex/hyperref/nameref.sty
Package: nameref 2012/10/27 v2.43 Cross-referencing by name of section

(/usr/share/texlive/texmf-dist/tex/generic/oberdiek/gettitlestring.sty
Package: gettitlestring 2010/12/03 v1.4 Cleanup title references (HO)
)
\c@section@level=\count348
)
LaTeX Info: Redefining \ref on input line 80.
LaTeX Info: Redefining \pageref on input line 80.
LaTeX Info: Redefining \nameref on input line 80.

(./Petscs_Install_petsc_3_5_4_and_petsc_3_7_3_PC_and_Stampede.out)
(./Petscs_Install_petsc_3_5_4_and_petsc_3_7_3_PC_and_Stampede.out)
\@outlinefile=\write5
\openout5 = `Petscs_Install_petsc_3_5_4_and_petsc_3_7_3_PC_and_Stampede.out'.

LaTeX Font Info:    Try loading font information for U+msa on input line 87.

(/usr/share/texlive/texmf-dist/tex/latex/amsfonts/umsa.fd
File: umsa.fd 2013/01/14 v3.01 AMS symbols A
)
LaTeX Font Info:    Try loading font information for U+msb on input line 87.

(/usr/share/texlive/texmf-dist/tex/latex/amsfonts/umsb.fd
File: umsb.fd 2013/01/14 v3.01 AMS symbols B
)
(./Petscs_Install_petsc_3_5_4_and_petsc_3_7_3_PC_and_Stampede.toc [1
Non-PDF special ignored!
Non-PDF special ignored!
Non-PDF special ignored!
Non-PDF special ignored!


Non-PDF special ignored!
Non-PDF special ignored!
Non-PDF special ignored!{/var/lib/texmf/fonts/map/pdftex/updmap/pdftex.map}])
\tf@toc=\write6
\openout6 = `Petscs_Install_petsc_3_5_4_and_petsc_3_7_3_PC_and_Stampede.toc'.


[2]
Package epstopdf Info: Source file: <Pictures/petsc-diagram_6.eps>
(epstopdf)                    date: 2015-08-14 09:08:04
(epstopdf)                    size: 1538667 bytes
(epstopdf)             Output file: <Pictures/petsc-diagram_6-eps-converted-to.
pdf>
(epstopdf)                    date: 2016-08-29 15:52:32
(epstopdf)                    size: 60414 bytes
(epstopdf)             Command: <repstopdf --outfile=Pictures/petsc-diagram_6-e
ps-converted-to.pdf Pictures/petsc-diagram_6.eps>
(epstopdf)             \includegraphics on input line 206.
Package epstopdf Info: Output file is already uptodate.

<Pictures/petsc-diagram_6-eps-converted-to.pdf, id=223, 541.02126pt x 469.755pt
>
File: Pictures/petsc-diagram_6-eps-converted-to.pdf Graphic file (type pdf)
 <use Pictures/petsc-diagram_6-eps-converted-to.pdf>
Package pdftex.def Info: Pictures/petsc-diagram_6-eps-converted-to.pdf used on 
input line 206.
(pdftex.def)             Requested size: 252.94266pt x 252.93997pt.
LaTeX Font Info:    Try loading font information for OMS+cmr on input line 241.


(/usr/share/texlive/texmf-dist/tex/latex/base/omscmr.fd
File: omscmr.fd 2014/09/29 v2.5h Standard LaTeX font definitions
)
LaTeX Font Info:    Font shape `OMS/cmr/m/n' in size <10> not available
(Font)              Font shape `OMS/cmsy/m/n' tried instead on input line 241.
 [3]
Overfull \hbox (17.30359pt too wide) in paragraph at lines 245--249
\OT1/cmr/m/n/10 for-mance) Con-fig-ure uses this value to stores the gen-er-ate
d con-fig make-files in []\OT1/cmtt/m/n/10 ${PETSC_DIR}/${PETSC_ARCH}/conf\OT1/
cmr/m/n/10 .
 []

[4 <./Pictures/petsc-diagram_6-eps-converted-to.pdf>]
Missing character: There is no â in font cmr10!
Missing character: There is no € in font cmr10!
Missing character: There is no ‰ in font cmr10!
 [5] [6]
Overfull \hbox (6.27228pt too wide) in paragraph at lines 388--388
 []\OT1/cmtt/m/n/7 $ sudo apt-get install openmpi-common openssh-client openssh
-server libc6 libopenmpi1.10 openmpi-common libibverbs-dev libhwloc-dev 
 []

[7]
Overfull \hbox (29.61769pt too wide) in paragraph at lines 498--498
[]\OT1/cmtt/m/n/8 /Desktop/PETSC/petsc-3.5.4$./configure --with-cc=gcc --with-c
xx=g++ --with-fc=gfortran --download-fblaslapack --download-mpich[] 
 []

[8]
Overfull \hbox (12.61745pt too wide) in paragraph at lines 563--563
[]\OT1/cmtt/m/n/8 /Desktop/PETSC/petsc-3.5.4$./configure --with-cc=gcc  --with-
cxx=g++  --with-fc=gfortran download-fblaslapack=/home/henry/[] 
 []


Overfull \hbox (33.86775pt too wide) in paragraph at lines 565--565
[]\OT1/cmtt/m/n/8 --download-fftw=/home/henry/Desktop/PETSC/downloads/fftw-3.5.
4.tar.gz  --download-scalapack=/home/henry/Desktop/PETSC/downloads[] 
 []

LaTeX Font Info:    Font shape `OMS/cmr/m/n' in size <8> not available
(Font)              Font shape `OMS/cmsy/m/n' tried instead on input line 570.

LaTeX Warning: Characters dropped after `\end{verbatim}' on input line 577.


Overfull \hbox (16.86751pt too wide) in paragraph at lines 587--587
[]\OT1/cmtt/m/n/8 /Desktop/PETSC/petsc-3.5.4$./configure  --with-cc=gcc  --with
-cxx=g++  --with-fc=gfortran download-fblaslapack=/home/henry/[] 
 []


Overfull \hbox (33.86775pt too wide) in paragraph at lines 589--589
[]\OT1/cmtt/m/n/8 --download-fftw=/home/henry/Desktop/PETSC/downloads/fftw-3.5.
4.tar.gz  --download-scalapack=/home/henry/Desktop/PETSC/downloads[] 
 []

[9]
Overfull \hbox (29.11589pt too wide) in paragraph at lines 607--607
 []\OT1/cmtt/m/n/5 henry@bluebottle:~/Desktop/PETSC/petsc-3.5.4$./configure --w
ith-cc=gcc --with-fc=gfortran --with-cxx=g++ --with-clanguage=cxx --download-fb
laslapack --download-mpich --with-scalar-type=complex 
 []


Overfull \hbox (29.86565pt too wide) in paragraph at lines 624--624
 []\OT1/cmtt/m/n/5 henry@bluebottle:~/Desktop/PETSC/petsc-3.5.4$./configure PET
SC_ARCH=linux-gnu-intel --with-cc=icc --with-cxx=icpc --with-fc=ifort --downloa
d-mpich --with-blas-lapack-dir=/usr/local/mkl 
 []

LaTeX Font Info:    Font shape `OMS/cmr/m/n' in size <7> not available
(Font)              Font shape `OMS/cmsy/m/n' tried instead on input line 673.
[10]
Overfull \hbox (254.89973pt too wide) in paragraph at lines 756--756
 []\OT1/cmtt/m/n/5 ============================================================
===================                                                            
                                                                              I
t appears you do not have valgrind installed on your system[] 
 []

[11]
Overfull \hbox (305.36906pt too wide) in paragraph at lines 859--859
 []\OT1/cmtt/m/n/5 BLAS/LAPACK: -Wl,-rpath,/home/henry/Desktop/PETSC/petsc-3.5.
4/linux-gnu-complex/lib -L/home/henry/Desktop/PETSC/petsc-3.5.4/linux-gnu-compl
ex/lib -lflapack -Wl,-rpath,/home/henry/Desktop/PETSC/petsc-3.5.4/linux-gnu-com
plex/lib -L/home/henry/Desktop/PETSC/petsc-3.5.4/linux-gnu-complex/lib -lfblas[
] 
 []

[12]
Overfull \hbox (31.77217pt too wide) in paragraph at lines 901--901
 []\OT1/cmtt/m/n/5 henry@Fiona:~/Desktop/PETSC/petsc-3.7.6$ -Wl,-rpath,/home/he
nry/Desktop/PETSC/petsc-3.5.4/linux-gnu-complex/lib -L/home/henry/Desktop/PETSC
/petsc-3.5.4/linux-gnu-complex/lib -lfftw3_mpi -lfftw3[] 
 []


Overfull \hbox (315.99419pt too wide) in paragraph at lines 965--965
 []\OT1/cmtt/m/n/5 /home/henry/Desktop/PETSC/petsc-3.5.4/linux-gnu-complex/bin/
mpicc -o MPIVersion.o -c -fPIC -Wall -Wwrite-strings -Wno-strict-aliasing -Wno-
unknown-pragmas -g3 -O0   -I/home/henry/Desktop/PETSC/petsc-3.5.4/include -I/ho
me/henry/Desktop/PETSC/petsc-3.5.4/linux-gnu-complex/include    `pwd`/MPIVersio
n.c[] 
 []

Missing character: There is no â in font cmtt8!
Missing character: There is no € in font cmtt8!
Missing character: There is no ˜ in font cmtt8!
Missing character: There is no â in font cmtt8!
Missing character: There is no € in font cmtt8!
Missing character: There is no ™ in font cmtt8!
Missing character: There is no â in font cmtt8!
Missing character: There is no € in font cmtt8!
Missing character: There is no ˜ in font cmtt8!
Missing character: There is no â in font cmtt8!
Missing character: There is no € in font cmtt8!
Missing character: There is no ™ in font cmtt8!
Missing character: There is no â in font cmtt8!
Missing character: There is no € in font cmtt8!
Missing character: There is no ˜ in font cmtt8!
Missing character: There is no â in font cmtt8!
Missing character: There is no € in font cmtt8!
Missing character: There is no ™ in font cmtt8!
[13]
Overfull \hbox (315.99419pt too wide) in paragraph at lines 1035--1035
 []\OT1/cmtt/m/n/5 /home/henry/Desktop/PETSC/petsc-3.5.4/linux-gnu-complex/bin/
mpicc -o MPIVersion.o -c -fPIC -Wall -Wwrite-strings -Wno-strict-aliasing -Wno-
unknown-pragmas -g3 -O0   -I/home/henry/Desktop/PETSC/petsc-3.5.4/include -I/ho
me/henry/Desktop/PETSC/petsc-3.5.4/linux-gnu-complex/include    `pwd`/MPIVersio
n.c[] 
 []

Missing character: There is no â in font cmtt8!
Missing character: There is no € in font cmtt8!
Missing character: There is no ˜ in font cmtt8!
Missing character: There is no â in font cmtt8!
Missing character: There is no € in font cmtt8!
Missing character: There is no ™ in font cmtt8!
Missing character: There is no â in font cmtt8!
Missing character: There is no € in font cmtt8!
Missing character: There is no ˜ in font cmtt8!
Missing character: There is no â in font cmtt8!
Missing character: There is no € in font cmtt8!
Missing character: There is no ™ in font cmtt8!
Missing character: There is no â in font cmtt8!
Missing character: There is no € in font cmtt8!
Missing character: There is no ˜ in font cmtt8!
Missing character: There is no â in font cmtt8!
Missing character: There is no € in font cmtt8!
Missing character: There is no ™ in font cmtt8!
[14]
Package epstopdf Info: Source file: <Pictures/petsc_3_5_4_with_fftw_download_BL
AS_LAPACK_MPI_and_complex_number_configuration_Aug_11_2017.eps>
(epstopdf)                    date: 2017-08-11 16:26:56
(epstopdf)                    size: 30142 bytes
(epstopdf)             Output file: <Pictures/petsc_3_5_4_with_fftw_download_BL
AS_LAPACK_MPI_and_complex_number_configuration_Aug_11_2017-eps-converted-to.pdf
>
(epstopdf)                    date: 2017-08-11 16:28:44
(epstopdf)                    size: 20675 bytes
(epstopdf)             Command: <repstopdf --outfile=Pictures/petsc_3_5_4_with_
fftw_download_BLAS_LAPACK_MPI_and_complex_number_configuration_Aug_11_2017-eps-
converted-to.pdf Pictures/petsc_3_5_4_with_fftw_download_BLAS_LAPACK_MPI_and_co
mplex_number_configuration_Aug_11_2017.eps>
(epstopdf)             \includegraphics on input line 1132.
Package epstopdf Info: Output file is already uptodate.

<Pictures/petsc_3_5_4_with_fftw_download_BLAS_LAPACK_MPI_and_complex_number_con
figuration_Aug_11_2017-eps-converted-to.pdf, id=316, 578.16pt x 433.62pt>
File: Pictures/petsc_3_5_4_with_fftw_download_BLAS_LAPACK_MPI_and_complex_numbe
r_configuration_Aug_11_2017-eps-converted-to.pdf Graphic file (type pdf)

<use Pictures/petsc_3_5_4_with_fftw_download_BLAS_LAPACK_MPI_and_complex_number
_configuration_Aug_11_2017-eps-converted-to.pdf>
Package pdftex.def Info: Pictures/petsc_3_5_4_with_fftw_download_BLAS_LAPACK_MP
I_and_complex_number_configuration_Aug_11_2017-eps-converted-to.pdf used on inp
ut line 1132.
(pdftex.def)             Requested size: 404.70924pt x 202.35242pt.
 [15 <./Pictures/petsc_3_5_4_with_fftw_download_BLAS_LAPACK_MPI_and_complex_num
ber_configuration_Aug_11_2017-eps-converted-to.pdf>]

LaTeX Warning: Characters dropped after `\end{verbatim}' on input line 1229.

[16]
Overfull \hbox (11.02261pt too wide) in paragraph at lines 1320--1320
[]\OT1/cmtt/m/n/7 make PETSC_DIR=/home/henry/Desktop/PETSC/petsc-3.5.4 PETSC_AR
CH=linux-gnu-complex streams NPMAX=<number of MPI processes you intend to use>[
] 
 []

Missing character: There is no â in font cmtt8!
Missing character: There is no € in font cmtt8!
Missing character: There is no ˜ in font cmtt8!
Missing character: There is no â in font cmtt8!
Missing character: There is no € in font cmtt8!
Missing character: There is no ™ in font cmtt8!
Package epstopdf Info: Source file: <Pictures/petsc_3_5_4_with_fftw_and_complex
_number_configuration.eps>
(epstopdf)                    date: 2015-08-10 16:42:32
(epstopdf)                    size: 29706 bytes
(epstopdf)             Output file: <Pictures/petsc_3_5_4_with_fftw_and_complex
_number_configuration-eps-converted-to.pdf>
(epstopdf)                    date: 2016-08-29 15:52:32
(epstopdf)                    size: 20989 bytes
(epstopdf)             Command: <repstopdf --outfile=Pictures/petsc_3_5_4_with_
fftw_and_complex_number_configuration-eps-converted-to.pdf Pictures/petsc_3_5_4
_with_fftw_and_complex_number_configuration.eps>
(epstopdf)             \includegraphics on input line 1380.
Package epstopdf Info: Output file is already uptodate.

<Pictures/petsc_3_5_4_with_fftw_and_complex_number_configuration-eps-converted-
to.pdf, id=369, 587.19376pt x 442.65375pt>
File: Pictures/petsc_3_5_4_with_fftw_and_complex_number_configuration-eps-conve
rted-to.pdf Graphic file (type pdf)

<use Pictures/petsc_3_5_4_with_fftw_and_complex_number_configuration-eps-conver
ted-to.pdf>
Package pdftex.def Info: Pictures/petsc_3_5_4_with_fftw_and_complex_number_conf
iguration-eps-converted-to.pdf used on input line 1380.
(pdftex.def)             Requested size: 404.71614pt x 202.35336pt.
 [17]
Overfull \hbox (230.48476pt too wide) in paragraph at lines 1396--1397
[]\OT1/cmr/m/n/10 FFTW is not in-stalled. We down-load FFTW and pro-vide the pa
th to folder: []\OT1/cmtt/m/n/10 --download-fftw=/home/henry/Desktop/FFTW/downl
oads_fftw/fftw-3.3.4.tar.gz 
 []


Overfull \hbox (18.4602pt too wide) in paragraph at lines 1408--1408
[]\OT1/cmtt/m/n/7 ./configure PETSC_ARCH=linux-gnu-complex --download-fftw=/hom
e/henry/Desktop/FFTW/downloads_fftw/fftw-3.3.4.tar.gz --with-scalar-type=comple
x[] 
 []

[18 <./Pictures/petsc_3_5_4_with_fftw_and_complex_number_configuration-eps-conv
erted-to.pdf>] [19]
Overfull \hbox (82.2415pt too wide) in paragraph at lines 1574--1574
 []\OT1/cmtt/m/n/5 henry@Fiona:~/Desktop/PETSC/petsc-3.5.4$ ./configure PETSC_A
RCH=linux-gnu-complex --with-scalar-type=complex --download-fftw=/home/henry/De
sktop/PETSC/fftw-3.3.6-pl2.tar.gz --download-mpich --download-fblaslapack[] 
 []


Overfull \hbox (305.36906pt too wide) in paragraph at lines 1618--1618
 []\OT1/cmtt/m/n/5 BLAS/LAPACK: -Wl,-rpath,/home/henry/Desktop/PETSC/petsc-3.5.
4/linux-gnu-complex/lib -L/home/henry/Desktop/PETSC/petsc-3.5.4/linux-gnu-compl
ex/lib -lflapack -Wl,-rpath,/home/henry/Desktop/PETSC/petsc-3.5.4/linux-gnu-com
plex/lib -L/home/henry/Desktop/PETSC/petsc-3.5.4/linux-gnu-complex/lib -lfblas[
] 
 []

[20]
Overfull \hbox (315.99419pt too wide) in paragraph at lines 1701--1701
 []\OT1/cmtt/m/n/5 /home/henry/Desktop/PETSC/petsc-3.5.4/linux-gnu-complex/bin/
mpicc -o MPIVersion.o -c -fPIC -Wall -Wwrite-strings -Wno-strict-aliasing -Wno-
unknown-pragmas -g3 -O0   -I/home/henry/Desktop/PETSC/petsc-3.5.4/include -I/ho
me/henry/Desktop/PETSC/petsc-3.5.4/linux-gnu-complex/include    `pwd`/MPIVersio
n.c[] 
 []

Missing character: There is no â in font cmtt8!
Missing character: There is no € in font cmtt8!
Missing character: There is no ˜ in font cmtt8!
Missing character: There is no â in font cmtt8!
Missing character: There is no € in font cmtt8!
Missing character: There is no ™ in font cmtt8!
Missing character: There is no â in font cmtt8!
Missing character: There is no € in font cmtt8!
Missing character: There is no ˜ in font cmtt8!
Missing character: There is no â in font cmtt8!
Missing character: There is no € in font cmtt8!
Missing character: There is no ™ in font cmtt8!
Missing character: There is no â in font cmtt8!
Missing character: There is no € in font cmtt8!
Missing character: There is no ˜ in font cmtt8!
Missing character: There is no â in font cmtt8!
Missing character: There is no € in font cmtt8!
Missing character: There is no ™ in font cmtt8!
[21] [22]
Overfull \hbox (7.86565pt too wide) in paragraph at lines 1933--1933
 []  \OT1/cmtt/m/n/5 Shared linker:   /home/henry/Desktop/PETSC/petsc-3.7.6/lin
ux-gnu-complex/bin/mpicc  -shared    -Wall -Wwrite-strings -Wno-strict-aliasing
 -Wno-unknown-pragmas -fvisibility=hidden -g3[] 
 []


Overfull \hbox (10.52193pt too wide) in paragraph at lines 1934--1934
 []  \OT1/cmtt/m/n/5 Dynamic linker:   /home/henry/Desktop/PETSC/petsc-3.7.6/li
nux-gnu-complex/bin/mpicc  -shared    -Wall -Wwrite-strings -Wno-strict-aliasin
g -Wno-unknown-pragmas -fvisibility=hidden -g3[] 
 []


Overfull \hbox (305.36906pt too wide) in paragraph at lines 1939--1939
 []\OT1/cmtt/m/n/5 BLAS/LAPACK: -Wl,-rpath,/home/henry/Desktop/PETSC/petsc-3.7.
6/linux-gnu-complex/lib -L/home/henry/Desktop/PETSC/petsc-3.7.6/linux-gnu-compl
ex/lib -lflapack -Wl,-rpath,/home/henry/Desktop/PETSC/petsc-3.7.6/linux-gnu-com
plex/lib -L/home/henry/Desktop/PETSC/petsc-3.7.6/linux-gnu-complex/lib -lfblas[
] 
 []

[23]
Overfull \hbox (342.55699pt too wide) in paragraph at lines 2041--2041
 []\OT1/cmtt/m/n/5 /home/henry/Desktop/PETSC/petsc-3.7.6/linux-gnu-complex/bin/
mpicc -o MPIVersion.o -c -Wall -Wwrite-strings -Wno-strict-aliasing -Wno-unknow
n-pragmas -fvisibility=hidden -g3   -I/home/henry/Desktop/PETSC/petsc-3.7.6/inc
lude -I/home/henry/Desktop/PETSC/petsc-3.7.6/linux-gnu-complex/include    `pwd`
/MPIVersion.c[] 
 []

Package epstopdf Info: Source file: <Pictures/petsc_3_7_6_with_fftw_and_complex
_number_configuration_scaling.eps>
(epstopdf)                    date: 2017-08-27 19:19:36
(epstopdf)                    size: 2922667 bytes
(epstopdf)             Output file: <Pictures/petsc_3_7_6_with_fftw_and_complex
_number_configuration_scaling-eps-converted-to.pdf>
(epstopdf)                    date: 2017-08-27 19:21:54
(epstopdf)                    size: 47721 bytes
(epstopdf)             Command: <repstopdf --outfile=Pictures/petsc_3_7_6_with_
fftw_and_complex_number_configuration_scaling-eps-converted-to.pdf Pictures/pet
sc_3_7_6_with_fftw_and_complex_number_configuration_scaling.eps>
(epstopdf)             \includegraphics on input line 2077.
Package epstopdf Info: Output file is already uptodate.

<Pictures/petsc_3_7_6_with_fftw_and_complex_number_configuration_scaling-eps-co
nverted-to.pdf, id=459, 578.16pt x 433.62pt>
File: Pictures/petsc_3_7_6_with_fftw_and_complex_number_configuration_scaling-e
ps-converted-to.pdf Graphic file (type pdf)

<use Pictures/petsc_3_7_6_with_fftw_and_complex_number_configuration_scaling-ep
s-converted-to.pdf>
Package pdftex.def Info: Pictures/petsc_3_7_6_with_fftw_and_complex_number_conf
iguration_scaling-eps-converted-to.pdf used on input line 2077.
(pdftex.def)             Requested size: 404.70924pt x 151.76927pt.
 [24] [25 <./Pictures/petsc_3_7_6_with_fftw_and_complex_number_configuration_sc
aling-eps-converted-to.pdf>]
Overfull \hbox (7.30382pt too wide) in paragraph at lines 2213--2213
[]\OT1/cmtt/m/n/7 /* Prints to standard out, from all processor in the communic
ator. Specifically designed to print the message from each of the processes*/[]
 
 []


Overfull \hbox (3142.24866pt too wide) in paragraph at lines 2267--2267
[] \OT1/cmtt/m/n/7 trict-aliasing -Wno-unknown-pragmas -g3 -O0  -o example_hell
o_0_C example_hello_0_C.o  -Wl,-rpath,/home/henry/Desktop/PETSC/petsc-3.5.4/lin
ux-dbg/lib -L/home/henry/Desktop/PETSC/petsc-3.5.4/linux-dbg/lib  -lpetsc -llap
ack -lblas -lX11 -lpthread -lssl -lcrypto -Wl,-rpath,/usr/lib/openmpi/lib -L/us
r/lib/openmpi/lib -Wl,-rpath,/usr/lib/gcc/x86_64-linux-gnu/4.6 -L/usr/lib/gcc/x
86_64-linux-gnu/4.6 -Wl,-rpath,/usr/lib/x86_64-linux-gnu -L/usr/lib/x86_64-linu
x-gnu -Wl,-rpath,/lib/x86_64-linux-gnu -L/lib/x86_64-linux-gnu -lmpi_f90 -lmpi_
f77 -lgfortran -lm -lgfortran -lm -lgfortran -lm -lquadmath -lm -lmpi_cxx -lstd
c++ -Wl,-rpath,/usr/lib/openmpi/lib -L/usr/lib/openmpi/lib -Wl,-rpath,/usr/lib/
gcc/x86_64-linux-gnu/4.6 -L/usr/lib/gcc/x86_64-linux-gnu/4.6 -Wl,-rpath,/usr/li
b/x86_64-linux-gnu -L/usr/lib/x86_64-linux-gnu -Wl,-rpath,/lib/x86_64-linux-gnu
 -L/lib/x86_64-linux-gnu -Wl,-rpath,/usr/lib/x86_64-linux-gnu -L/usr/lib/x86_64
-linux-gnu -ldl -lmpi -lopen-rte -lopen-pal -lnsl -[] 
 []

[26]
Overfull \hbox (32.30385pt too wide) in paragraph at lines 2329--2329
 []\OT1/cmtt/m/n/7 /* Prints to standard out, from all processor in the communi
cator. Specifically designed to print the message from each of the processes*/[
] 
 []

[27] [28] [29]
(./Petscs_Install_petsc_3_5_4_and_petsc_3_7_3_PC_and_Stampede.bbl)
Package atenddvi Info: Last page = 30.
 [30]
Package atveryend Info: Empty hook `BeforeClearDocument' on input line 2549.
Package atveryend Info: Executing hook `AfterLastShipout' on input line 2549.

(./Petscs_Install_petsc_3_5_4_and_petsc_3_7_3_PC_and_Stampede.aux)
Package atveryend Info: Executing hook `AtVeryEndDocument' on input line 2549.
Package atveryend Info: Executing hook `AtEndAfterFileList' on input line 2549.

Package rerunfilecheck Info: File `Petscs_Install_petsc_3_5_4_and_petsc_3_7_3_P
C_and_Stampede.out' has not changed.
(rerunfilecheck)             Checksum: 872CF671E4BDBB0BE414D73659D00B80;2818.


LaTeX Warning: There were multiply-defined labels.

Package atveryend Info: Empty hook `AtVeryVeryEnd' on input line 2549.
 ) 
Here is how much of TeX's memory you used:
 28106 strings out of 494953
 534829 string characters out of 6180977
 602140 words of memory out of 5000000
 30791 multiletter control sequences out of 15000+600000
 12175 words of font info for 49 fonts, out of 8000000 for 9000
 14 hyphenation exceptions out of 8191
 55i,11n,92p,10477b,637s stack positions out of 5000i,500n,10000p,200000b,80000s
</usr/share/texlive/texmf-dist/fonts/type1/public/amsfonts/cm/cmbx10.pfb></us
r/share/texlive/texmf-dist/fonts/type1/public/amsfonts/cm/cmbx12.pfb></usr/shar
e/texlive/texmf-dist/fonts/type1/public/amsfonts/cm/cmr10.pfb></usr/share/texli
ve/texmf-dist/fonts/type1/public/amsfonts/cm/cmr12.pfb></usr/share/texlive/texm
f-dist/fonts/type1/public/amsfonts/cm/cmr17.pfb></usr/share/texlive/texmf-dist/
fonts/type1/public/amsfonts/cm/cmr5.pfb></usr/share/texlive/texmf-dist/fonts/ty
pe1/public/amsfonts/cm/cmr7.pfb></usr/share/texlive/texmf-dist/fonts/type1/publ
ic/amsfonts/cm/cmr8.pfb></usr/share/texlive/texmf-dist/fonts/type1/public/amsfo
nts/cm/cmsy10.pfb></usr/share/texlive/texmf-dist/fonts/type1/public/amsfonts/cm
/cmsy7.pfb></usr/share/texlive/texmf-dist/fonts/type1/public/amsfonts/cm/cmsy8.
pfb></usr/share/texlive/texmf-dist/fonts/type1/public/amsfonts/cm/cmtt10.pfb></
usr/share/texlive/texmf-dist/fonts/type1/public/amsfonts/cm/cmtt8.pfb>
Output written on Petscs_Install_petsc_3_5_4_and_petsc_3_7_3_PC_and_Stampede.pd
f (30 pages, 399629 bytes).
PDF statistics:
 576 PDF objects out of 1000 (max. 8388607)
 443 compressed objects within 5 object streams
 126 named destinations out of 1000 (max. 500000)
 317 words of extra memory for PDF output out of 10000 (max. 10000000)

